1484779637965	geckodriver	INFO	Listening on 127.0.0.1:53363
1484779639981	mozprofile::profile	INFO	Using profile path C:\Users\LOCALA~1\AppData\Local\Temp\rust_mozprofile.xgN01xyvI9sf
1484779639983	geckodriver::marionette	INFO	Starting browser C:\Program Files (x86)\Mozilla Firefox\firefox.exe
1484779640003	geckodriver::marionette	INFO	Connecting to Marionette on localhost:53399
1484779644654	Marionette	INFO	Listening on port 53392
[Child 8252] WARNING: pipe error: 109: file c:/builds/moz2_slave/m-rel-w32-00000000000000000000/build/src/ipc/chromium/src/chrome/common/ipc_channel_win.cc, line 346
[Child 8252] WARNING: pipe error: 109: file c:/builds/moz2_slave/m-rel-w32-00000000000000000000/build/src/ipc/chromium/src/chrome/common/ipc_channel_win.cc, line 346

1484780738645	geckodriver	INFO	Listening on 127.0.0.1:53811
1484780740631	mozprofile::profile	INFO	Using profile path C:\Users\LOCALA~1\AppData\Local\Temp\rust_mozprofile.dAvSPaBpIglD
1484780740633	geckodriver::marionette	INFO	Starting browser C:\Program Files (x86)\Mozilla Firefox\firefox.exe
1484780740651	geckodriver::marionette	INFO	Connecting to Marionette on localhost:53817
1484780741726	Marionette	INFO	Listening on port 53817
[Child 21192] WARNING: pipe error: 109: file c:/builds/moz2_slave/m-rel-w32-00000000000000000000/build/src/ipc/chromium/src/chrome/common/ipc_channel_win.cc, line 346
[Child 21192] WARNING: pipe error: 109: file c:/builds/moz2_slave/m-rel-w32-00000000000000000000/build/src/ipc/chromium/src/chrome/common/ipc_channel_win.cc, line 346
1484783802593	geckodriver	INFO	Listening on 127.0.0.1:58557
1484783804477	mozprofile::profile	INFO	Using profile path C:\Users\LOCALA~1\AppData\Local\Temp\rust_mozprofile.KInTtt32yUoH
1484783804478	geckodriver::marionette	INFO	Starting browser C:\Program Files (x86)\Mozilla Firefox\firefox.exe
1484783804503	geckodriver::marionette	INFO	Connecting to Marionette on localhost:58563
1484783806550	Marionette	INFO	Listening on port 58563
JavaScript warning: https://gdc-portal.nci.nih.gov/js/app.js, line 9508: unreachable code after return statement
JavaScript warning: https://gdc-portal.nci.nih.gov/js/app.js, line 9508: unreachable code after return statement
[Child 17316] ###!!! ABORT: Aborting on channel error.: file c:/builds/moz2_slave/m-rel-w32-00000000000000000000/build/src/ipc/glue/MessageChannel.cpp, line 2056
1484783881606	geckodriver	INFO	Listening on 127.0.0.1:58667
1484783883610	mozprofile::profile	INFO	Using profile path C:\Users\LOCALA~1\AppData\Local\Temp\rust_mozprofile.QICdmEGo6Yih
1484783883612	geckodriver::marionette	INFO	Starting browser C:\Program Files (x86)\Mozilla Firefox\firefox.exe
1484783883629	geckodriver::marionette	INFO	Connecting to Marionette on localhost:58673
1484783884735	Marionette	INFO	Listening on port 58673
JavaScript warning: https://gdc-portal.nci.nih.gov/js/app.js, line 9508: unreachable code after return statement
JavaScript warning: https://gdc-portal.nci.nih.gov/js/app.js, line 9508: unreachable code after return statement
JavaScript error: resource://gre/modules/commonjs/toolkit/loader.js -> resource://devtools/client/inspector/breadcrumbs.js, line 486: TypeError: this.handleMouseLeave is not a function
[Child 31440] ###!!! ABORT: Aborting on channel error.: file c:/builds/moz2_slave/m-rel-w32-00000000000000000000/build/src/ipc/glue/MessageChannel.cpp, line 2056
1484783959248	geckodriver	INFO	Listening on 127.0.0.1:58752
1484783961245	mozprofile::profile	INFO	Using profile path C:\Users\LOCALA~1\AppData\Local\Temp\rust_mozprofile.d5lb9O4iGvB3
1484783961246	geckodriver::marionette	INFO	Starting browser C:\Program Files (x86)\Mozilla Firefox\firefox.exe
1484783961264	geckodriver::marionette	INFO	Connecting to Marionette on localhost:58758
1484783962329	Marionette	INFO	Listening on port 58758
JavaScript warning: https://gdc-portal.nci.nih.gov/js/app.js, line 9508: unreachable code after return statement
JavaScript warning: https://gdc-portal.nci.nih.gov/js/app.js, line 9508: unreachable code after return statement
[Child 12904] ###!!! ABORT: Aborting on channel error.: file c:/builds/moz2_slave/m-rel-w32-00000000000000000000/build/src/ipc/glue/MessageChannel.cpp, line 2056
1484784036483	geckodriver	INFO	Listening on 127.0.0.1:58848
1484784038476	mozprofile::profile	INFO	Using profile path C:\Users\LOCALA~1\AppData\Local\Temp\rust_mozprofile.LIuZtuqrDXYu
1484784038477	geckodriver::marionette	INFO	Starting browser C:\Program Files (x86)\Mozilla Firefox\firefox.exe
1484784038495	geckodriver::marionette	INFO	Connecting to Marionette on localhost:58855
1484784039532	Marionette	INFO	Listening on port 58855
JavaScript warning: https://gdc-portal.nci.nih.gov/js/app.js, line 9508: unreachable code after return statement
JavaScript warning: https://gdc-portal.nci.nih.gov/js/app.js, line 9508: unreachable code after return statement
[Child 18568] WARNING: pipe error: 109: file c:/builds/moz2_slave/m-rel-w32-00000000000000000000/build/src/ipc/chromium/src/chrome/common/ipc_channel_win.cc, line 346
[Child 18568] WARNING: pipe error: 109: file c:/builds/moz2_slave/m-rel-w32-00000000000000000000/build/src/ipc/chromium/src/chrome/common/ipc_channel_win.cc, line 346
1484785272690	geckodriver	INFO	Listening on 127.0.0.1:59718
1484785274685	mozprofile::profile	INFO	Using profile path C:\Users\LOCALA~1\AppData\Local\Temp\rust_mozprofile.R69UKoQFRc2H
1484785274687	geckodriver::marionette	INFO	Starting browser C:\Program Files (x86)\Mozilla Firefox\firefox.exe
1484785274939	geckodriver::marionette	INFO	Connecting to Marionette on localhost:59726
1484785276180	Marionette	INFO	Listening on port 59726
JavaScript warning: https://gdc-portal.nci.nih.gov/js/app.js, line 9508: unreachable code after return statement
JavaScript warning: https://gdc-portal.nci.nih.gov/js/app.js, line 9508: unreachable code after return statement
*************************
A coding exception was thrown and uncaught in a Task.

Full message: TypeError: can't access dead object
Full stack: find_@chrome://marionette/content/element.js:279:7
element.find/</findElements<@chrome://marionette/content/element.js:250:15
implicitlyWaitFor/</elementSearch@chrome://marionette/content/element.js:576:15

*************************
*************************
A coding exception was thrown and uncaught in a Task.

Full message: TypeError: can't access dead object
Full stack: find_@chrome://marionette/content/element.js:279:7
element.find/</findElements<@chrome://marionette/content/element.js:250:15
implicitlyWaitFor/</elementSearch@chrome://marionette/content/element.js:576:15

*************************
Marionette threw an error: [Exception... "Component returned failure code: 0x80070057 (NS_ERROR_ILLEGAL_VALUE) [nsIMessageSender.sendAsyncMessage]"  nsresult: "0x80070057 (NS_ERROR_ILLEGAL_VALUE)"  location: "JS frame :: chrome://marionette/content/proxy.js :: sendReply_ :: line 187"  data: no]
sendReply_@chrome://marionette/content/proxy.js:187:5
reply@chrome://marionette/content/proxy.js:176:7
sendToServer@chrome://marionette/content/listener.js:430:3
sendError@chrome://marionette/content/listener.js:464:3
dispatch/</<@chrome://marionette/content/listener.js:201:40
Handler.prototype.process@resource://gre/modules/Promise.jsm -> resource://gre/modules/Promise-backend.js:940:21
this.PromiseWalker.walkerLoop@resource://gre/modules/Promise.jsm -> resource://gre/modules/Promise-backend.js:816:7
this.PromiseWalker.scheduleWalkerLoop/<@resource://gre/modules/Promise.jsm -> resource://gre/modules/Promise-backend.js:750:11

1484785346625	geckodriver	INFO	Listening on 127.0.0.1:59802
1484785348616	mozprofile::profile	INFO	Using profile path C:\Users\LOCALA~1\AppData\Local\Temp\rust_mozprofile.AY7mFu2ry9WD
1484785348617	geckodriver::marionette	INFO	Starting browser C:\Program Files (x86)\Mozilla Firefox\firefox.exe
1484785348635	geckodriver::marionette	INFO	Connecting to Marionette on localhost:59808
1484785349750	Marionette	INFO	Listening on port 59808
JavaScript warning: https://gdc-portal.nci.nih.gov/js/app.js, line 9508: unreachable code after return statement
JavaScript warning: https://gdc-portal.nci.nih.gov/js/app.js, line 9508: unreachable code after return statement
[Child 26452] ###!!! ABORT: Aborting on channel error.: file c:/builds/moz2_slave/m-rel-w32-00000000000000000000/build/src/ipc/glue/MessageChannel.cpp, line 2056
1484785424638	geckodriver	INFO	Listening on 127.0.0.1:59901
1484785426636	mozprofile::profile	INFO	Using profile path C:\Users\LOCALA~1\AppData\Local\Temp\rust_mozprofile.kwBMJvW0k74D
1484785426638	geckodriver::marionette	INFO	Starting browser C:\Program Files (x86)\Mozilla Firefox\firefox.exe
1484785426656	geckodriver::marionette	INFO	Connecting to Marionette on localhost:59907
1484785427812	Marionette	INFO	Listening on port 59907
JavaScript warning: https://gdc-portal.nci.nih.gov/js/app.js, line 9508: unreachable code after return statement
JavaScript warning: https://gdc-portal.nci.nih.gov/js/app.js, line 9508: unreachable code after return statement
JavaScript warning: http://www.metrocuadrado.com/web/js/s_code.js, line 126: unreachable code after return statement
JavaScript error: http://www.metrocuadrado.com/web/inmuebles/venta/, line 1: ReferenceError: ocultarBanner is not defined
JavaScript warning: http://www.metrocuadrado.com/web/js/s_code.js, line 126: unreachable code after return statement
[Child 28844] ###!!! ABORT: Aborting on channel error.: file c:/builds/moz2_slave/m-rel-w32-00000000000000000000/build/src/ipc/glue/MessageChannel.cpp, line 2056
1484785502874	geckodriver	INFO	Listening on 127.0.0.1:60326
1484785504866	mozprofile::profile	INFO	Using profile path C:\Users\LOCALA~1\AppData\Local\Temp\rust_mozprofile.GnLQSuGcLY8R
1484785504868	geckodriver::marionette	INFO	Starting browser C:\Program Files (x86)\Mozilla Firefox\firefox.exe
1484785504886	geckodriver::marionette	INFO	Connecting to Marionette on localhost:60332
1484785506014	Marionette	INFO	Listening on port 60332
JavaScript warning: https://gdc-portal.nci.nih.gov/js/app.js, line 9508: unreachable code after return statement
JavaScript warning: https://gdc-portal.nci.nih.gov/js/app.js, line 9508: unreachable code after return statement
[Child 14520] ###!!! ABORT: Aborting on channel error.: file c:/builds/moz2_slave/m-rel-w32-00000000000000000000/build/src/ipc/glue/MessageChannel.cpp, line 2056
1484785581017	geckodriver	INFO	Listening on 127.0.0.1:60528
1484785583005	mozprofile::profile	INFO	Using profile path C:\Users\LOCALA~1\AppData\Local\Temp\rust_mozprofile.6IkVv4010Ffc
1484785583006	geckodriver::marionette	INFO	Starting browser C:\Program Files (x86)\Mozilla Firefox\firefox.exe
1484785583024	geckodriver::marionette	INFO	Connecting to Marionette on localhost:60534
1484785584122	Marionette	INFO	Listening on port 60534
JavaScript warning: https://gdc-portal.nci.nih.gov/js/app.js, line 9508: unreachable code after return statement
JavaScript warning: https://gdc-portal.nci.nih.gov/js/app.js, line 9508: unreachable code after return statement
JavaScript warning: https://gdc-portal.nci.nih.gov/js/app.js, line 9508: unreachable code after return statement
[Child 9768] ###!!! ABORT: Aborting on channel error.: file c:/builds/moz2_slave/m-rel-w32-00000000000000000000/build/src/ipc/glue/MessageChannel.cpp, line 2056
1484785658895	geckodriver	INFO	Listening on 127.0.0.1:60612
1484785660886	mozprofile::profile	INFO	Using profile path C:\Users\LOCALA~1\AppData\Local\Temp\rust_mozprofile.JR4yJcYbbvxo
1484785660888	geckodriver::marionette	INFO	Starting browser C:\Program Files (x86)\Mozilla Firefox\firefox.exe
1484785660906	geckodriver::marionette	INFO	Connecting to Marionette on localhost:60618
1484785661943	Marionette	INFO	Listening on port 60618
JavaScript warning: https://gdc-portal.nci.nih.gov/js/app.js, line 9508: unreachable code after return statement
JavaScript warning: https://gdc-portal.nci.nih.gov/js/app.js, line 9508: unreachable code after return statement
*************************
A coding exception was thrown and uncaught in a Task.

Full message: TypeError: can't access dead object
Full stack: find_@chrome://marionette/content/element.js:279:7
element.find/</findElements<@chrome://marionette/content/element.js:250:15
implicitlyWaitFor/</elementSearch@chrome://marionette/content/element.js:576:15

*************************
*************************
A coding exception was thrown and uncaught in a Task.

Full message: TypeError: can't access dead object
Full stack: find_@chrome://marionette/content/element.js:279:7
element.find/</findElements<@chrome://marionette/content/element.js:250:15
implicitlyWaitFor/</elementSearch@chrome://marionette/content/element.js:576:15

*************************
Marionette threw an error: [Exception... "Component returned failure code: 0x80070057 (NS_ERROR_ILLEGAL_VALUE) [nsIMessageSender.sendAsyncMessage]"  nsresult: "0x80070057 (NS_ERROR_ILLEGAL_VALUE)"  location: "JS frame :: chrome://marionette/content/proxy.js :: sendReply_ :: line 187"  data: no]
sendReply_@chrome://marionette/content/proxy.js:187:5
reply@chrome://marionette/content/proxy.js:176:7
sendToServer@chrome://marionette/content/listener.js:430:3
sendError@chrome://marionette/content/listener.js:464:3
dispatch/</<@chrome://marionette/content/listener.js:201:40
Handler.prototype.process@resource://gre/modules/Promise.jsm -> resource://gre/modules/Promise-backend.js:940:21
this.PromiseWalker.walkerLoop@resource://gre/modules/Promise.jsm -> resource://gre/modules/Promise-backend.js:816:7
this.PromiseWalker.scheduleWalkerLoop/<@resource://gre/modules/Promise.jsm -> resource://gre/modules/Promise-backend.js:750:11

1484785738632	geckodriver	INFO	Listening on 127.0.0.1:60688
1484785740636	mozprofile::profile	INFO	Using profile path C:\Users\LOCALA~1\AppData\Local\Temp\rust_mozprofile.4smjBADXOb2i
1484785740637	geckodriver::marionette	INFO	Starting browser C:\Program Files (x86)\Mozilla Firefox\firefox.exe
1484785740654	geckodriver::marionette	INFO	Connecting to Marionette on localhost:60694
1484785741724	Marionette	INFO	Listening on port 60694
JavaScript warning: https://gdc-portal.nci.nih.gov/js/app.js, line 9508: unreachable code after return statement
JavaScript warning: https://gdc-portal.nci.nih.gov/js/app.js, line 9508: unreachable code after return statement
*************************
A coding exception was thrown and uncaught in a Task.

Full message: TypeError: can't access dead object
Full stack: find_@chrome://marionette/content/element.js:279:7
element.find/</findElements<@chrome://marionette/content/element.js:250:15
implicitlyWaitFor/</elementSearch@chrome://marionette/content/element.js:576:15

*************************
*************************
A coding exception was thrown and uncaught in a Task.

Full message: TypeError: can't access dead object
Full stack: find_@chrome://marionette/content/element.js:279:7
element.find/</findElements<@chrome://marionette/content/element.js:250:15
implicitlyWaitFor/</elementSearch@chrome://marionette/content/element.js:576:15

*************************
Marionette threw an error: [Exception... "Component returned failure code: 0x80070057 (NS_ERROR_ILLEGAL_VALUE) [nsIMessageSender.sendAsyncMessage]"  nsresult: "0x80070057 (NS_ERROR_ILLEGAL_VALUE)"  location: "JS frame :: chrome://marionette/content/proxy.js :: sendReply_ :: line 187"  data: no]
sendReply_@chrome://marionette/content/proxy.js:187:5
reply@chrome://marionette/content/proxy.js:176:7
sendToServer@chrome://marionette/content/listener.js:430:3
sendError@chrome://marionette/content/listener.js:464:3
dispatch/</<@chrome://marionette/content/listener.js:201:40
Handler.prototype.process@resource://gre/modules/Promise.jsm -> resource://gre/modules/Promise-backend.js:940:21
this.PromiseWalker.walkerLoop@resource://gre/modules/Promise.jsm -> resource://gre/modules/Promise-backend.js:816:7
this.PromiseWalker.scheduleWalkerLoop/<@resource://gre/modules/Promise.jsm -> resource://gre/modules/Promise-backend.js:750:11

1484785884944	geckodriver	INFO	Listening on 127.0.0.1:60806
1484785886950	mozprofile::profile	INFO	Using profile path C:\Users\LOCALA~1\AppData\Local\Temp\rust_mozprofile.sE8JJqvTQabu
1484785886952	geckodriver::marionette	INFO	Starting browser C:\Program Files (x86)\Mozilla Firefox\firefox.exe
1484785886970	geckodriver::marionette	INFO	Connecting to Marionette on localhost:60812
1484785888386	Marionette	INFO	Listening on port 60812
JavaScript warning: https://gdc-portal.nci.nih.gov/js/app.js, line 9508: unreachable code after return statement
JavaScript warning: https://gdc-portal.nci.nih.gov/js/app.js, line 9508: unreachable code after return statement
[Child 19032] ###!!! ABORT: Aborting on channel error.: file c:/builds/moz2_slave/m-rel-w32-00000000000000000000/build/src/ipc/glue/MessageChannel.cpp, line 2056
1484785963353	geckodriver	INFO	Listening on 127.0.0.1:60897
1484785965354	mozprofile::profile	INFO	Using profile path C:\Users\LOCALA~1\AppData\Local\Temp\rust_mozprofile.HmbzsmecjxJs
1484785965355	geckodriver::marionette	INFO	Starting browser C:\Program Files (x86)\Mozilla Firefox\firefox.exe
1484785965373	geckodriver::marionette	INFO	Connecting to Marionette on localhost:60903
1484785966544	Marionette	INFO	Listening on port 60903
JavaScript warning: https://gdc-portal.nci.nih.gov/js/app.js, line 9508: unreachable code after return statement
JavaScript warning: https://gdc-portal.nci.nih.gov/js/app.js, line 9508: unreachable code after return statement
[Child 29232] ###!!! ABORT: Aborting on channel error.: file c:/builds/moz2_slave/m-rel-w32-00000000000000000000/build/src/ipc/glue/MessageChannel.cpp, line 2056
1484786040443	geckodriver	INFO	Listening on 127.0.0.1:61030
1484786042442	mozprofile::profile	INFO	Using profile path C:\Users\LOCALA~1\AppData\Local\Temp\rust_mozprofile.EC5u2cmNrFHS
1484786042444	geckodriver::marionette	INFO	Starting browser C:\Program Files (x86)\Mozilla Firefox\firefox.exe
1484786042461	geckodriver::marionette	INFO	Connecting to Marionette on localhost:61036
1484786043553	Marionette	INFO	Listening on port 61036
JavaScript warning: https://gdc-portal.nci.nih.gov/js/app.js, line 9508: unreachable code after return statement
JavaScript warning: https://gdc-portal.nci.nih.gov/js/app.js, line 9508: unreachable code after return statement
[Child 17016] ###!!! ABORT: Aborting on channel error.: file c:/builds/moz2_slave/m-rel-w32-00000000000000000000/build/src/ipc/glue/MessageChannel.cpp, line 2056
1484786118000	geckodriver	INFO	Listening on 127.0.0.1:61109
1484786119993	mozprofile::profile	INFO	Using profile path C:\Users\LOCALA~1\AppData\Local\Temp\rust_mozprofile.AOy8QK2C2xcj
1484786119995	geckodriver::marionette	INFO	Starting browser C:\Program Files (x86)\Mozilla Firefox\firefox.exe
1484786120013	geckodriver::marionette	INFO	Connecting to Marionette on localhost:61115
1484786121128	Marionette	INFO	Listening on port 61115
JavaScript warning: https://gdc-portal.nci.nih.gov/js/app.js, line 9508: unreachable code after return statement
JavaScript warning: https://gdc-portal.nci.nih.gov/js/app.js, line 9508: unreachable code after return statement
